Arguments: 
  C:\Program Files\nodejs\node.exe C:\Users\AlvinSetyaPranata\AppData\Roaming\npm\node_modules\yarn\bin\yarn.js global add nodemon

PATH: 
  C:\Program Files\Microsoft\jdk-17.0.5.8-hotspot\bin;C:\Program Files (x86)\NVIDIA Corporation\PhysX\Common;C:\Windows\system32;C:\Windows;C:\Windows\System32\Wbem;C:\Windows\System32\WindowsPowerShell\v1.0\;C:\Windows\System32\OpenSSH\;C:\ProgramData\chocolatey\bin;C:\Program Files\Git\cmd;C:\Users\Public\flutter\bin;C:\Users\Public\Android\sdk\cmdline-tools\latest\bin;C:\Program Files\nodejs\;C:\Windows\system32\config\systemprofile\AppData\Roaming\npm;C:\Program Files\PostgreSQL\15\bin;C:\ProgramData\miniconda3\Scripts\conda.exe;C:\ProgramData\miniconda3\Library\bin\conda.bat;C:\ProgramData\miniconda3\condabin\conda.bat;C:\Users\AlvinSetyaPranata\AppData\Roaming\npm\yarn;C:\Users\AlvinSetyaPranata\AppData\Roaming\yarn\bin;C:\Program Files\Amazon\AWSCLIV2\;C:\Users\AlvinSetyaPranata\AppData\Local\Programs\Python\Python38\Scripts\;C:\Users\AlvinSetyaPranata\AppData\Local\Programs\Python\Python38\;C:\Users\AlvinSetyaPranata\AppData\Local\Microsoft\WindowsApps;C:\Users\AlvinSetyaPranata\AppData\Roaming\npm;C:\Users\AlvinSetyaPranata\AppData\Local\Programs\Microsoft VS Code\bin;C:\Users\AlvinSetyaPranata\AppData\Roaming\npm;C:\Users\AlvinSetyaPranata\AppData\Local\Programs\Microsoft VS Code\bin;C:\ProgramData\miniconda3\condabin\conda.bat;C:\ProgramData\miniconda3\Library\bin\conda.bat;C:\ProgramData\miniconda3\Scripts\conda.exe;C:\Users\Public\Android\sdk\platform-tools;C:\Users\Public\Gradle\bin;C:\Users\Public\ScreenCopy;

Yarn version: 
  1.22.19

Node version: 
  18.13.0

Platform: 
  win32 x64

Trace: 
  SyntaxError: D:\temp-projects\courses\build-backend-api-nodejs\package.json: Unexpected token } in JSON at position 277
      at JSON.parse (<anonymous>)
      at C:\Users\AlvinSetyaPranata\AppData\Roaming\npm\node_modules\yarn\lib\cli.js:1629:59
      at Generator.next (<anonymous>)
      at step (C:\Users\AlvinSetyaPranata\AppData\Roaming\npm\node_modules\yarn\lib\cli.js:310:30)
      at C:\Users\AlvinSetyaPranata\AppData\Roaming\npm\node_modules\yarn\lib\cli.js:321:13

npm manifest: 
  {
    "name": "build-backend-api-nodejs",
    "version": "1.0.0",
    "description": "Course from udemy for learning",
    "main": "index.js",
    "repository": "https://github.com/AlvinSetyaPranata/udemy-backend-nodejs.git",
    "author": "Alvin",
    "license": "MIT",
    "private": false,
  }

yarn manifest: 
  No manifest

Lockfile: 
  No lockfile
